<?xml version="1.0" encoding="UTF-8"?>
<!-- Generated by org.testng.reporters.JUnitXMLReporter -->
<testsuite ignored="0" hostname="LAPTOP-O932CINS" failures="0" tests="5" name="Demo_Test" time="0.049" errors="0" timestamp="2022-03-12T10:31:42 IST">
  <testcase classname="Com.Mpahsis.NewTest" name="AmaZON" time="0.006"/>
  <testcase classname="Com.Mpahsis.NewTest" name="Andriod" time="0.002"/>
  <testcase classname="Com.Mpahsis.NewTest" name="Mobile" time="0.001"/>
  <testcase classname="Com.Mpahsis.NewTest2" name="Flipkart" time="0.001"/>
  <testcase classname="Com.Mpahsis.NewTest2" name="Google" time="0.0"/>
</testsuite> <!-- Demo_Test -->
