<?xml version="1.0" encoding="UTF-8"?>
<testsuite xmlns:xsi="http://www.w3.org/2001/XMLSchema-instance" xsi:noNamespaceSchemaLocation="https://maven.apache.org/surefire/maven-surefire-plugin/xsd/surefire-test-report-3.0.xsd" version="3.0" name="TestSuite" time="0.78" tests="5" errors="0" skipped="0" failures="0">
  <properties>
[...]
</properties>
  <testcase name="AmaZON" classname="Com.Mpahsis.NewTest" time="0.005">
    <system-out><![CDATA[Amazon 
]]></system-out>
    <system-err><![CDATA[SLF4J: Failed to load class "org.slf4j.impl.StaticLoggerBinder".
SLF4J: Defaulting to no-operation (NOP) logger implementation
SLF4J: See http://www.slf4j.org/codes.html#StaticLoggerBinder for further details.
]]></system-err>
  </testcase>
  <testcase name="Andriod" classname="Com.Mpahsis.NewTest" time="0">
    <system-out><![CDATA[30
]]></system-out>
  </testcase>
  <testcase name="Mobile" classname="Com.Mpahsis.NewTest" time="0.001">
    <system-out><![CDATA[Hello
aman aman aman
]]></system-out>
  </testcase>
  <testcase name="Flipkart" classname="Com.Mpahsis.NewTest2" time="0.001">
    <system-out><![CDATA[Filipkarty
]]></system-out>
  </testcase>
  <testcase name="Google" classname="Com.Mpahsis.NewTest2" time="0.001">
    <system-out><![CDATA[Hello google
namana
]]></system-out>
  </testcase>
</testsuite>