<?xml version="1.0" encoding="UTF-8"?>
<testng-results ignored="0" total="5" passed="5" failed="0" skipped="0">
  <reporter-output>
  </reporter-output>
  <suite started-at="2022-03-12T10:31:42 IST" name="Demo" finished-at="2022-03-12T10:31:42 IST" duration-ms="49">
    <groups>
    </groups>
    <test started-at="2022-03-12T10:31:42 IST" name="Demo_Test" finished-at="2022-03-12T10:31:42 IST" duration-ms="49">
      <class name="Com.Mpahsis.NewTest">
        <test-method signature="AmaZON()[pri:0, instance:Com.Mpahsis.NewTest@8317c52]" started-at="2022-03-12T10:31:42 IST" name="AmaZON" finished-at="2022-03-12T10:31:42 IST" duration-ms="6" status="PASS">
          <reporter-output>
          </reporter-output>
        </test-method> <!-- AmaZON -->
        <test-method signature="Andriod()[pri:0, instance:Com.Mpahsis.NewTest@8317c52]" started-at="2022-03-12T10:31:42 IST" name="Andriod" finished-at="2022-03-12T10:31:42 IST" duration-ms="2" status="PASS">
          <reporter-output>
          </reporter-output>
        </test-method> <!-- Andriod -->
        <test-method signature="Mobile()[pri:0, instance:Com.Mpahsis.NewTest@8317c52]" started-at="2022-03-12T10:31:42 IST" name="Mobile" finished-at="2022-03-12T10:31:42 IST" duration-ms="1" status="PASS">
          <reporter-output>
          </reporter-output>
        </test-method> <!-- Mobile -->
      </class> <!-- Com.Mpahsis.NewTest -->
      <class name="Com.Mpahsis.NewTest2">
        <test-method signature="Flipkart()[pri:0, instance:Com.Mpahsis.NewTest2@5136d012]" started-at="2022-03-12T10:31:42 IST" name="Flipkart" finished-at="2022-03-12T10:31:42 IST" duration-ms="1" status="PASS">
          <reporter-output>
          </reporter-output>
        </test-method> <!-- Flipkart -->
        <test-method signature="Google()[pri:0, instance:Com.Mpahsis.NewTest2@5136d012]" started-at="2022-03-12T10:31:42 IST" name="Google" finished-at="2022-03-12T10:31:42 IST" duration-ms="0" status="PASS">
          <reporter-output>
          </reporter-output>
        </test-method> <!-- Google -->
      </class> <!-- Com.Mpahsis.NewTest2 -->
    </test> <!-- Demo_Test -->
  </suite> <!-- Demo -->
</testng-results>
